--
-- PostgreSQL database dump
--

-- Dumped from database version 13.0
-- Dumped by pg_dump version 13.0

SET statement_timeout = 0;
SET lock_timeout = 0;
SET idle_in_transaction_session_timeout = 0;
SET client_encoding = 'UTF8';
SET standard_conforming_strings = on;
SELECT pg_catalog.set_config('search_path', '', false);
SET check_function_bodies = false;
SET xmloption = content;
SET client_min_messages = warning;
SET row_security = off;

SET default_tablespace = '';

SET default_table_access_method = heap;

--
-- Name: alembic_version; Type: TABLE; Schema: public; Owner: postgres
--

CREATE TABLE public.alembic_version (
    version_num character varying(32) NOT NULL
);


ALTER TABLE public.alembic_version OWNER TO postgres;

--
-- Name: email_address; Type: TABLE; Schema: public; Owner: postgres
--

CREATE TABLE public.email_address (
    email_id integer NOT NULL,
    email_address character varying(30) NOT NULL,
    created_at timestamp without time zone,
    active boolean NOT NULL,
    email_password character varying(255) NOT NULL,
    last_updated timestamp without time zone,
    phishing_mail_detected integer,
    owner_id integer,
    total_mails_checked integer,
    notification_preference boolean NOT NULL
);


ALTER TABLE public.email_address OWNER TO postgres;

--
-- Name: email_address_email_id_seq; Type: SEQUENCE; Schema: public; Owner: postgres
--

CREATE SEQUENCE public.email_address_email_id_seq
    AS integer
    START WITH 1
    INCREMENT BY 1
    NO MINVALUE
    NO MAXVALUE
    CACHE 1;


ALTER TABLE public.email_address_email_id_seq OWNER TO postgres;

--
-- Name: email_address_email_id_seq; Type: SEQUENCE OWNED BY; Schema: public; Owner: postgres
--

ALTER SEQUENCE public.email_address_email_id_seq OWNED BY public.email_address.email_id;


--
-- Name: phishing_email; Type: TABLE; Schema: public; Owner: postgres
--

CREATE TABLE public.phishing_email (
    mail_id integer NOT NULL,
    sender_address character varying(255) NOT NULL,
    content text NOT NULL,
    created_at timestamp without time zone,
    receiver_id integer NOT NULL,
    subject text NOT NULL
);


ALTER TABLE public.phishing_email OWNER TO postgres;

--
-- Name: phishing_email_mail_id_seq; Type: SEQUENCE; Schema: public; Owner: postgres
--

CREATE SEQUENCE public.phishing_email_mail_id_seq
    AS integer
    START WITH 1
    INCREMENT BY 1
    NO MINVALUE
    NO MAXVALUE
    CACHE 1;


ALTER TABLE public.phishing_email_mail_id_seq OWNER TO postgres;

--
-- Name: phishing_email_mail_id_seq; Type: SEQUENCE OWNED BY; Schema: public; Owner: postgres
--

ALTER SEQUENCE public.phishing_email_mail_id_seq OWNED BY public.phishing_email.mail_id;


--
-- Name: user; Type: TABLE; Schema: public; Owner: postgres
--

CREATE TABLE public."user" (
    user_id integer NOT NULL,
    username character varying(30) NOT NULL,
    password character varying(255) NOT NULL,
    created_at timestamp without time zone,
    is_active boolean NOT NULL,
    is_admin boolean,
    last_logged_in timestamp without time zone,
    reset_token numeric(6,0)
);


ALTER TABLE public."user" OWNER TO postgres;

--
-- Name: user_user_id_seq; Type: SEQUENCE; Schema: public; Owner: postgres
--

CREATE SEQUENCE public.user_user_id_seq
    AS integer
    START WITH 1
    INCREMENT BY 1
    NO MINVALUE
    NO MAXVALUE
    CACHE 1;


ALTER TABLE public.user_user_id_seq OWNER TO postgres;

--
-- Name: user_user_id_seq; Type: SEQUENCE OWNED BY; Schema: public; Owner: postgres
--

ALTER SEQUENCE public.user_user_id_seq OWNED BY public."user".user_id;


--
-- Name: email_address email_id; Type: DEFAULT; Schema: public; Owner: postgres
--

ALTER TABLE ONLY public.email_address ALTER COLUMN email_id SET DEFAULT nextval('public.email_address_email_id_seq'::regclass);


--
-- Name: phishing_email mail_id; Type: DEFAULT; Schema: public; Owner: postgres
--

ALTER TABLE ONLY public.phishing_email ALTER COLUMN mail_id SET DEFAULT nextval('public.phishing_email_mail_id_seq'::regclass);


--
-- Name: user user_id; Type: DEFAULT; Schema: public; Owner: postgres
--

ALTER TABLE ONLY public."user" ALTER COLUMN user_id SET DEFAULT nextval('public.user_user_id_seq'::regclass);


--
-- Data for Name: alembic_version; Type: TABLE DATA; Schema: public; Owner: postgres
--

COPY public.alembic_version (version_num) FROM stdin;
47751d1f389f
\.


--
-- Data for Name: email_address; Type: TABLE DATA; Schema: public; Owner: postgres
--

COPY public.email_address (email_id, email_address, created_at, active, email_password, last_updated, phishing_mail_detected, owner_id, total_mails_checked, notification_preference) FROM stdin;
\.


--
-- Data for Name: phishing_email; Type: TABLE DATA; Schema: public; Owner: postgres
--

COPY public.phishing_email (mail_id, sender_address, content, created_at, receiver_id, subject) FROM stdin;
\.


--
-- Data for Name: user; Type: TABLE DATA; Schema: public; Owner: postgres
--

COPY public."user" (user_id, username, password, created_at, is_active, is_admin, last_logged_in, reset_token) FROM stdin;
2	user	pbkdf2:sha256:150000$yFZNvfrE$ada91439915db803c753930b79f30967ad4a421ce7f54d4944009d703a6121af	2021-01-20 21:51:00.099	t	f	2021-01-20 21:51:00.098499	\N
1	admin	pbkdf2:sha256:150000$N9ucPr9B$5b2c39408721520d1033737a1ac2dc5f4573a1f485999105a93e9828b8a4c7ce	2021-01-20 21:50:49.55354	t	t	2021-01-20 21:51:23.673772	\N
\.


--
-- Name: email_address_email_id_seq; Type: SEQUENCE SET; Schema: public; Owner: postgres
--

SELECT pg_catalog.setval('public.email_address_email_id_seq', 1, false);


--
-- Name: phishing_email_mail_id_seq; Type: SEQUENCE SET; Schema: public; Owner: postgres
--

SELECT pg_catalog.setval('public.phishing_email_mail_id_seq', 1, false);


--
-- Name: user_user_id_seq; Type: SEQUENCE SET; Schema: public; Owner: postgres
--

SELECT pg_catalog.setval('public.user_user_id_seq', 2, true);


--
-- Name: alembic_version alembic_version_pkc; Type: CONSTRAINT; Schema: public; Owner: postgres
--

ALTER TABLE ONLY public.alembic_version
    ADD CONSTRAINT alembic_version_pkc PRIMARY KEY (version_num);


--
-- Name: email_address email_address_pkey; Type: CONSTRAINT; Schema: public; Owner: postgres
--

ALTER TABLE ONLY public.email_address
    ADD CONSTRAINT email_address_pkey PRIMARY KEY (email_id);


--
-- Name: phishing_email phishing_email_pkey; Type: CONSTRAINT; Schema: public; Owner: postgres
--

ALTER TABLE ONLY public.phishing_email
    ADD CONSTRAINT phishing_email_pkey PRIMARY KEY (mail_id);


--
-- Name: user user_pkey; Type: CONSTRAINT; Schema: public; Owner: postgres
--

ALTER TABLE ONLY public."user"
    ADD CONSTRAINT user_pkey PRIMARY KEY (user_id);


--
-- Name: user user_reset_token_key; Type: CONSTRAINT; Schema: public; Owner: postgres
--

ALTER TABLE ONLY public."user"
    ADD CONSTRAINT user_reset_token_key UNIQUE (reset_token);


--
-- Name: ix_email_address_created_at; Type: INDEX; Schema: public; Owner: postgres
--

CREATE INDEX ix_email_address_created_at ON public.email_address USING btree (created_at);


--
-- Name: ix_email_address_email_address; Type: INDEX; Schema: public; Owner: postgres
--

CREATE UNIQUE INDEX ix_email_address_email_address ON public.email_address USING btree (email_address);


--
-- Name: ix_phishing_email_created_at; Type: INDEX; Schema: public; Owner: postgres
--

CREATE INDEX ix_phishing_email_created_at ON public.phishing_email USING btree (created_at);


--
-- Name: ix_phishing_email_receiver_id; Type: INDEX; Schema: public; Owner: postgres
--

CREATE INDEX ix_phishing_email_receiver_id ON public.phishing_email USING btree (receiver_id);


--
-- Name: ix_phishing_email_sender_address; Type: INDEX; Schema: public; Owner: postgres
--

CREATE INDEX ix_phishing_email_sender_address ON public.phishing_email USING btree (sender_address);


--
-- Name: ix_user_created_at; Type: INDEX; Schema: public; Owner: postgres
--

CREATE INDEX ix_user_created_at ON public."user" USING btree (created_at);


--
-- Name: ix_user_username; Type: INDEX; Schema: public; Owner: postgres
--

CREATE UNIQUE INDEX ix_user_username ON public."user" USING btree (username);


--
-- Name: email_address email_address_owner_id_fkey; Type: FK CONSTRAINT; Schema: public; Owner: postgres
--

ALTER TABLE ONLY public.email_address
    ADD CONSTRAINT email_address_owner_id_fkey FOREIGN KEY (owner_id) REFERENCES public."user"(user_id);


--
-- Name: phishing_email phishing_email_receiver_id_fkey; Type: FK CONSTRAINT; Schema: public; Owner: postgres
--

ALTER TABLE ONLY public.phishing_email
    ADD CONSTRAINT phishing_email_receiver_id_fkey FOREIGN KEY (receiver_id) REFERENCES public.email_address(email_id);


--
-- PostgreSQL database dump complete
--

